c:\dev\c\clock_library\x64\debug\clock_library.pdb
c:\dev\c\clock_library\x64\debug\clock_library.idb
c:\dev\c\clock_library\clock_library\x64\debug\clock.obj
c:\dev\c\clock_library\x64\debug\clock_library.lib
c:\users\201434\source\repos\clock-angle-finder\clock_library\clock_library\x64\debug\clock.obj
c:\users\201434\source\repos\clock-angle-finder\clock_library\clock_library\x64\debug\vc143.idb
c:\users\201434\source\repos\clock-angle-finder\clock_library\clock_library\x64\debug\vc143.pdb
c:\users\201434\source\repos\clock-angle-finder\clock_library\x64\debug\clock_library.pdb
c:\users\201434\source\repos\clock-angle-finder\clock_library\x64\debug\clock_library.lib
c:\users\201434\source\repos\clock-angle-finder\clock_library\clock_library\x64\debug\clock_library.tlog\cl.command.1.tlog
c:\users\201434\source\repos\clock-angle-finder\clock_library\clock_library\x64\debug\clock_library.tlog\cl.read.1.tlog
c:\users\201434\source\repos\clock-angle-finder\clock_library\clock_library\x64\debug\clock_library.tlog\cl.write.1.tlog
c:\users\201434\source\repos\clock-angle-finder\clock_library\clock_library\x64\debug\clock_library.tlog\lib-link.read.1.tlog
c:\users\201434\source\repos\clock-angle-finder\clock_library\clock_library\x64\debug\clock_library.tlog\lib-link.write.1.tlog
c:\users\201434\source\repos\clock-angle-finder\clock_library\clock_library\x64\debug\clock_library.tlog\lib.command.1.tlog
c:\users\201434\source\repos\clock-angle-finder\clock_library\clock_library\x64\debug\clock_library.tlog\link-cvtres.read.1.tlog
c:\users\201434\source\repos\clock-angle-finder\clock_library\clock_library\x64\debug\clock_library.tlog\link-cvtres.write.1.tlog
c:\users\201434\source\repos\clock-angle-finder\clock_library\clock_library\x64\debug\clock_library.tlog\link-rc.read.1.tlog
c:\users\201434\source\repos\clock-angle-finder\clock_library\clock_library\x64\debug\clock_library.tlog\link-rc.write.1.tlog
c:\users\201434\source\repos\clock-angle-finder\clock_library\clock_library\x64\debug\clock_library.tlog\link.31436-cvtres.read.1.tlog
c:\users\201434\source\repos\clock-angle-finder\clock_library\clock_library\x64\debug\clock_library.tlog\link.31436-cvtres.write.1.tlog
c:\users\201434\source\repos\clock-angle-finder\clock_library\clock_library\x64\debug\clock_library.tlog\link.31436-rc.read.1.tlog
c:\users\201434\source\repos\clock-angle-finder\clock_library\clock_library\x64\debug\clock_library.tlog\link.31436-rc.write.1.tlog
c:\users\201434\source\repos\clock-angle-finder\clock_library\clock_library\x64\debug\clock_library.tlog\link.31436.read.1.tlog
c:\users\201434\source\repos\clock-angle-finder\clock_library\clock_library\x64\debug\clock_library.tlog\link.31436.read.2.tlog
c:\users\201434\source\repos\clock-angle-finder\clock_library\clock_library\x64\debug\clock_library.tlog\link.31436.write.1.tlog
c:\users\201434\source\repos\clock-angle-finder\clock_library\clock_library\x64\debug\clock_library.tlog\link.command.1.tlog
c:\users\201434\source\repos\clock-angle-finder\clock_library\clock_library\x64\debug\clock_library.tlog\link.read.1.tlog
c:\users\201434\source\repos\clock-angle-finder\clock_library\clock_library\x64\debug\clock_library.tlog\link.read.2.tlog
c:\users\201434\source\repos\clock-angle-finder\clock_library\clock_library\x64\debug\clock_library.tlog\link.write.1.tlog
c:\users\201434\source\repos\clock-angle-finder\clock_library\clock_library\x64\debug\clock_library.tlog\link.write.2u.tlog
